mode: atomic
github.com/gsantomaggio/go-stream-client/pkg/stream/reader.go:9.58,13.2 3 0
github.com/gsantomaggio/go-stream-client/pkg/stream/reader.go:15.56,19.2 3 0
github.com/gsantomaggio/go-stream-client/pkg/stream/reader.go:21.56,25.2 3 0
github.com/gsantomaggio/go-stream-client/pkg/stream/reader.go:27.55,32.2 3 0
github.com/gsantomaggio/go-stream-client/pkg/stream/reader.go:34.58,39.2 4 0
github.com/gsantomaggio/go-stream-client/pkg/stream/utils.go:3.52,5.2 1 0
github.com/gsantomaggio/go-stream-client/pkg/stream/utils.go:7.48,9.2 1 0
github.com/gsantomaggio/go-stream-client/pkg/stream/utils.go:11.51,13.2 1 0
github.com/gsantomaggio/go-stream-client/pkg/stream/writer.go:8.54,10.2 1 0
github.com/gsantomaggio/go-stream-client/pkg/stream/writer.go:12.56,16.2 3 0
github.com/gsantomaggio/go-stream-client/pkg/stream/writer.go:18.55,20.2 1 0
github.com/gsantomaggio/go-stream-client/pkg/stream/writer.go:22.57,26.2 3 0
github.com/gsantomaggio/go-stream-client/pkg/stream/writer.go:28.53,32.2 3 0
github.com/gsantomaggio/go-stream-client/pkg/stream/writer.go:34.53,39.2 3 0
github.com/gsantomaggio/go-stream-client/pkg/stream/writer.go:41.56,43.2 1 0
github.com/gsantomaggio/go-stream-client/pkg/stream/writer.go:46.55,48.2 1 0
github.com/gsantomaggio/go-stream-client/pkg/stream/writer.go:50.51,52.2 1 0
github.com/gsantomaggio/go-stream-client/pkg/stream/writer.go:53.55,57.2 3 0
github.com/gsantomaggio/go-stream-client/pkg/stream/writer.go:59.57,62.2 2 0
github.com/gsantomaggio/go-stream-client/pkg/stream/coordinator.go:23.25,31.2 6 1
github.com/gsantomaggio/go-stream-client/pkg/stream/coordinator.go:33.32,35.2 1 208
github.com/gsantomaggio/go-stream-client/pkg/stream/coordinator.go:37.37,45.2 6 101
github.com/gsantomaggio/go-stream-client/pkg/stream/coordinator.go:47.47,48.29 1 0
github.com/gsantomaggio/go-stream-client/pkg/stream/coordinator.go:55.2,55.12 1 0
github.com/gsantomaggio/go-stream-client/pkg/stream/coordinator.go:48.29,50.17 2 0
github.com/gsantomaggio/go-stream-client/pkg/stream/coordinator.go:50.17,52.4 1 0
github.com/gsantomaggio/go-stream-client/pkg/stream/coordinator.go:58.57,61.24 3 1
github.com/gsantomaggio/go-stream-client/pkg/stream/coordinator.go:64.2,64.25 1 1
github.com/gsantomaggio/go-stream-client/pkg/stream/coordinator.go:61.24,63.3 1 0
github.com/gsantomaggio/go-stream-client/pkg/stream/coordinator.go:67.46,70.24 3 102
github.com/gsantomaggio/go-stream-client/pkg/stream/coordinator.go:73.2,75.12 2 101
github.com/gsantomaggio/go-stream-client/pkg/stream/coordinator.go:70.24,72.3 1 1
github.com/gsantomaggio/go-stream-client/pkg/stream/coordinator.go:78.32,82.2 3 4
github.com/gsantomaggio/go-stream-client/pkg/stream/coordinator.go:84.32,86.2 1 207
github.com/gsantomaggio/go-stream-client/pkg/stream/coordinator.go:88.30,94.2 5 101
github.com/gsantomaggio/go-stream-client/pkg/stream/coordinator.go:95.55,104.2 8 0
github.com/gsantomaggio/go-stream-client/pkg/stream/coordinator.go:106.36,115.2 8 101
github.com/gsantomaggio/go-stream-client/pkg/stream/coordinator.go:117.58,121.24 4 1
github.com/gsantomaggio/go-stream-client/pkg/stream/coordinator.go:124.2,124.25 1 1
github.com/gsantomaggio/go-stream-client/pkg/stream/coordinator.go:121.24,123.3 1 0
github.com/gsantomaggio/go-stream-client/pkg/stream/coordinator.go:127.60,130.24 3 0
github.com/gsantomaggio/go-stream-client/pkg/stream/coordinator.go:133.2,133.25 1 0
github.com/gsantomaggio/go-stream-client/pkg/stream/coordinator.go:130.24,132.3 1 0
github.com/gsantomaggio/go-stream-client/pkg/stream/coordinator.go:136.45,140.24 4 102
github.com/gsantomaggio/go-stream-client/pkg/stream/coordinator.go:143.2,145.12 2 101
github.com/gsantomaggio/go-stream-client/pkg/stream/coordinator.go:140.24,142.3 1 1
github.com/gsantomaggio/go-stream-client/pkg/stream/coordinator.go:148.32,152.2 3 3
github.com/gsantomaggio/go-stream-client/pkg/stream/producer.go:15.96,21.27 3 0
github.com/gsantomaggio/go-stream-client/pkg/stream/producer.go:26.2,38.27 12 0
github.com/gsantomaggio/go-stream-client/pkg/stream/producer.go:46.2,47.16 2 0
github.com/gsantomaggio/go-stream-client/pkg/stream/producer.go:75.2,75.15 1 0
github.com/gsantomaggio/go-stream-client/pkg/stream/producer.go:21.27,24.3 2 0
github.com/gsantomaggio/go-stream-client/pkg/stream/producer.go:38.27,44.3 5 0
github.com/gsantomaggio/go-stream-client/pkg/stream/producer.go:47.16,49.3 1 0
github.com/gsantomaggio/go-stream-client/pkg/stream/producer.go:78.41,81.2 1 0
github.com/gsantomaggio/go-stream-client/pkg/stream/client.go:59.35,62.2 2 0
github.com/gsantomaggio/go-stream-client/pkg/stream/client.go:64.50,67.16 3 0
github.com/gsantomaggio/go-stream-client/pkg/stream/client.go:70.2,71.16 2 0
github.com/gsantomaggio/go-stream-client/pkg/stream/client.go:75.2,79.17 5 0
github.com/gsantomaggio/go-stream-client/pkg/stream/client.go:82.2,89.17 5 0
github.com/gsantomaggio/go-stream-client/pkg/stream/client.go:92.2,94.17 3 0
github.com/gsantomaggio/go-stream-client/pkg/stream/client.go:97.2,98.21 2 0
github.com/gsantomaggio/go-stream-client/pkg/stream/client.go:101.2,102.17 2 0
github.com/gsantomaggio/go-stream-client/pkg/stream/client.go:106.2,106.12 1 0
github.com/gsantomaggio/go-stream-client/pkg/stream/client.go:67.16,69.3 1 0
github.com/gsantomaggio/go-stream-client/pkg/stream/client.go:71.16,73.3 1 0
github.com/gsantomaggio/go-stream-client/pkg/stream/client.go:79.17,81.3 1 0
github.com/gsantomaggio/go-stream-client/pkg/stream/client.go:89.17,91.3 1 0
github.com/gsantomaggio/go-stream-client/pkg/stream/client.go:94.17,96.3 1 0
github.com/gsantomaggio/go-stream-client/pkg/stream/client.go:98.21,100.3 1 0
github.com/gsantomaggio/go-stream-client/pkg/stream/client.go:102.17,104.3 1 0
github.com/gsantomaggio/go-stream-client/pkg/stream/client.go:109.57,115.38 6 0
github.com/gsantomaggio/go-stream-client/pkg/stream/client.go:119.2,130.38 8 0
github.com/gsantomaggio/go-stream-client/pkg/stream/client.go:135.2,136.16 2 0
github.com/gsantomaggio/go-stream-client/pkg/stream/client.go:139.2,140.12 2 0
github.com/gsantomaggio/go-stream-client/pkg/stream/client.go:115.38,117.3 1 0
github.com/gsantomaggio/go-stream-client/pkg/stream/client.go:130.38,133.3 2 0
github.com/gsantomaggio/go-stream-client/pkg/stream/client.go:136.16,138.3 1 0
github.com/gsantomaggio/go-stream-client/pkg/stream/client.go:143.69,145.2 1 0
github.com/gsantomaggio/go-stream-client/pkg/stream/client.go:147.74,164.16 15 0
github.com/gsantomaggio/go-stream-client/pkg/stream/client.go:167.2,170.22 3 0
github.com/gsantomaggio/go-stream-client/pkg/stream/client.go:164.16,166.3 1 0
github.com/gsantomaggio/go-stream-client/pkg/stream/client.go:173.46,182.58 8 0
github.com/gsantomaggio/go-stream-client/pkg/stream/client.go:186.2,197.58 10 0
github.com/gsantomaggio/go-stream-client/pkg/stream/client.go:202.2,203.16 2 0
github.com/gsantomaggio/go-stream-client/pkg/stream/client.go:206.2,208.12 2 0
github.com/gsantomaggio/go-stream-client/pkg/stream/client.go:182.58,184.3 1 0
github.com/gsantomaggio/go-stream-client/pkg/stream/client.go:197.58,200.3 2 0
github.com/gsantomaggio/go-stream-client/pkg/stream/client.go:203.16,205.3 1 0
github.com/gsantomaggio/go-stream-client/pkg/stream/client.go:211.72,215.43 3 0
github.com/gsantomaggio/go-stream-client/pkg/stream/client.go:220.2,222.65 3 0
github.com/gsantomaggio/go-stream-client/pkg/stream/client.go:215.43,216.35 1 0
github.com/gsantomaggio/go-stream-client/pkg/stream/client.go:216.35,218.4 1 0
github.com/gsantomaggio/go-stream-client/pkg/stream/client.go:225.52,238.2 11 0
github.com/gsantomaggio/go-stream-client/pkg/stream/client.go:240.98,254.16 14 0
github.com/gsantomaggio/go-stream-client/pkg/stream/client.go:257.2,263.39 3 0
github.com/gsantomaggio/go-stream-client/pkg/stream/client.go:254.16,256.3 1 0
github.com/gsantomaggio/go-stream-client/pkg/stream/client.go:266.54,277.16 11 0
github.com/gsantomaggio/go-stream-client/pkg/stream/client.go:280.2,281.12 2 0
github.com/gsantomaggio/go-stream-client/pkg/stream/client.go:277.16,279.3 1 0
github.com/gsantomaggio/go-stream-client/pkg/stream/client.go:284.63,295.16 11 0
github.com/gsantomaggio/go-stream-client/pkg/stream/client.go:298.2,301.16 3 0
github.com/gsantomaggio/go-stream-client/pkg/stream/client.go:305.2,305.12 1 0
github.com/gsantomaggio/go-stream-client/pkg/stream/client.go:295.16,297.3 1 0
github.com/gsantomaggio/go-stream-client/pkg/stream/client.go:301.16,303.3 1 0
github.com/gsantomaggio/go-stream-client/pkg/stream/client.go:308.57,319.16 11 0
github.com/gsantomaggio/go-stream-client/pkg/stream/client.go:322.2,323.12 2 0
github.com/gsantomaggio/go-stream-client/pkg/stream/client.go:319.16,321.3 1 0
github.com/gsantomaggio/go-stream-client/pkg/stream/client.go:326.58,329.16 3 0
github.com/gsantomaggio/go-stream-client/pkg/stream/client.go:332.2,333.16 2 0
github.com/gsantomaggio/go-stream-client/pkg/stream/client.go:336.2,337.12 2 0
github.com/gsantomaggio/go-stream-client/pkg/stream/client.go:329.16,331.3 1 0
github.com/gsantomaggio/go-stream-client/pkg/stream/client.go:333.16,335.3 1 0
github.com/gsantomaggio/go-stream-client/pkg/stream/response.go:17.53,19.6 2 0
github.com/gsantomaggio/go-stream-client/pkg/stream/response.go:19.6,25.29 5 0
github.com/gsantomaggio/go-stream-client/pkg/stream/response.go:27.30,28.4 1 0
github.com/gsantomaggio/go-stream-client/pkg/stream/response.go:31.29,32.4 1 0
github.com/gsantomaggio/go-stream-client/pkg/stream/response.go:36.20,37.4 1 0
github.com/gsantomaggio/go-stream-client/pkg/stream/response.go:42.49,43.4 1 0
github.com/gsantomaggio/go-stream-client/pkg/stream/response.go:47.30,48.4 1 0
github.com/gsantomaggio/go-stream-client/pkg/stream/response.go:51.11,52.4 1 0
github.com/gsantomaggio/go-stream-client/pkg/stream/response.go:28.4,30.5 1 0
github.com/gsantomaggio/go-stream-client/pkg/stream/response.go:32.4,35.5 1 0
github.com/gsantomaggio/go-stream-client/pkg/stream/response.go:37.4,39.5 1 0
github.com/gsantomaggio/go-stream-client/pkg/stream/response.go:43.4,45.5 1 0
github.com/gsantomaggio/go-stream-client/pkg/stream/response.go:48.4,50.5 1 0
github.com/gsantomaggio/go-stream-client/pkg/stream/response.go:52.4,54.5 1 0
github.com/gsantomaggio/go-stream-client/pkg/stream/response.go:63.113,68.44 5 0
github.com/gsantomaggio/go-stream-client/pkg/stream/response.go:73.2,74.16 2 0
github.com/gsantomaggio/go-stream-client/pkg/stream/response.go:78.2,80.19 2 0
github.com/gsantomaggio/go-stream-client/pkg/stream/response.go:68.44,71.3 2 0
github.com/gsantomaggio/go-stream-client/pkg/stream/response.go:74.16,77.3 1 0
github.com/gsantomaggio/go-stream-client/pkg/stream/response.go:83.106,86.36 3 0
github.com/gsantomaggio/go-stream-client/pkg/stream/response.go:89.2,92.50 3 0
github.com/gsantomaggio/go-stream-client/pkg/stream/response.go:97.2,98.16 2 0
github.com/gsantomaggio/go-stream-client/pkg/stream/response.go:102.2,103.25 2 0
github.com/gsantomaggio/go-stream-client/pkg/stream/response.go:86.36,88.3 1 0
github.com/gsantomaggio/go-stream-client/pkg/stream/response.go:92.50,96.3 3 0
github.com/gsantomaggio/go-stream-client/pkg/stream/response.go:98.16,101.3 1 0
github.com/gsantomaggio/go-stream-client/pkg/stream/response.go:106.92,122.16 13 0
github.com/gsantomaggio/go-stream-client/pkg/stream/response.go:126.2,127.18 2 0
github.com/gsantomaggio/go-stream-client/pkg/stream/response.go:122.16,125.3 1 0
github.com/gsantomaggio/go-stream-client/pkg/stream/response.go:131.103,134.32 3 0
github.com/gsantomaggio/go-stream-client/pkg/stream/response.go:138.2,139.16 2 0
github.com/gsantomaggio/go-stream-client/pkg/stream/response.go:143.2,144.30 2 0
github.com/gsantomaggio/go-stream-client/pkg/stream/response.go:134.32,137.3 1 0
github.com/gsantomaggio/go-stream-client/pkg/stream/response.go:139.16,142.3 1 0
github.com/gsantomaggio/go-stream-client/pkg/stream/response.go:147.95,152.29 3 0
github.com/gsantomaggio/go-stream-client/pkg/stream/response.go:172.2,172.10 1 0
github.com/gsantomaggio/go-stream-client/pkg/stream/response.go:152.29,155.3 2 0
